<?xml version="1.0" encoding="UTF-8"?>
<Site BuildName="(empty)"
	BuildStamp="20241111-0145-Experimental"
	Name="(empty)"
	Generator="ctest-3.22.1"
	CompilerName=""
	CompilerVersion=""
	OSName="Linux"
	Hostname="dd"
	OSRelease="5.15.0-124-generic"
	OSVersion="#134-Ubuntu SMP Fri Sep 27 20:20:17 UTC 2024"
	OSPlatform="x86_64"
	Is64Bits="1"
	VendorString="GenuineIntel"
	VendorID="Intel Corporation"
	FamilyID="6"
	ModelID="106"
	ProcessorCacheSize="49152"
	NumberOfLogicalCPU="64"
	NumberOfPhysicalCPU="64"
	TotalVirtualMemory="8191"
	TotalPhysicalMemory="32123"
	LogicalProcessorsPerPhysical="1"
	ProcessorClockFrequency="2294.61"
	>
	<Testing>
		<StartDateTime>Nov 11 02:38 UTC</StartDateTime>
		<StartTestTime>1731292680</StartTestTime>
		<TestList/>
		<EndDateTime>Nov 11 02:38 UTC</EndDateTime>
		<EndTestTime>1731292680</EndTestTime>
		<ElapsedMinutes>0</ElapsedMinutes>
	</Testing>
</Site>
